#
# There is insufficient memory for the Java Runtime Environment to continue.
# Native memory allocation (malloc) failed to allocate 32744 bytes for ChunkPool::allocate
# Possible reasons:
#   The system is out of physical RAM or swap space
#   The process is running with CompressedOops enabled, and the Java Heap may be blocking the growth of the native heap
# Possible solutions:
#   Reduce memory load on the system
#   Increase physical memory or swap space
#   Check if swap backing store is full
#   Decrease Java heap size (-Xmx/-Xms)
#   Decrease number of Java threads
#   Decrease Java thread stack sizes (-Xss)
#   Set larger code cache with -XX:ReservedCodeCacheSize=
#   JVM is running with Unscaled Compressed Oops mode in which the Java heap is
#     placed in the first 4GB address space. The Java Heap base address is the
#     maximum limit for the native heap growth. Please use -XX:HeapBaseMinAddress
#     to set the Java Heap base and to place the Java Heap above 4GB virtual address.
# This output file may be truncated or incomplete.
#
#  Out of Memory Error (allocation.cpp:272), pid=18200, tid=0x00000000000047a8
#
# JRE version: Java(TM) SE Runtime Environment (8.0_281-b09) (build 1.8.0_281-b09)
# Java VM: Java HotSpot(TM) 64-Bit Server VM (25.281-b09 mixed mode windows-amd64 compressed oops)
# Failed to write core dump. Minidumps are not enabled by default on client versions of Windows
#

---------------  T H R E A D  ---------------

Current thread (0x000001e07c015000):  JavaThread "C1 CompilerThread1" daemon [_thread_in_native, id=18344, stack(0x0000004dca000000,0x0000004dca100000)]

Stack: [0x0000004dca000000,0x0000004dca100000]
Native frames: (J=compiled Java code, j=interpreted, Vv=VM code, C=native code)
V  [jvm.dll+0x32e5b9]


Current CompileTask:
C1:  39845  582   !   3       java.awt.DefaultKeyboardFocusManager::dispatchEvent (1645 bytes)


---------------  P R O C E S S  ---------------

Java Threads: ( => current thread )
  0x000001e07d920000 JavaThread "TimerQueue" daemon [_thread_blocked, id=17628, stack(0x0000004dcaa00000,0x0000004dcab00000)]
  0x000001e07710f800 JavaThread "DestroyJavaVM" [_thread_blocked, id=18288, stack(0x0000004dc9700000,0x0000004dc9800000)]
  0x000001e07ccea000 JavaThread "AWT-EventQueue-0" [_thread_in_native, id=17620, stack(0x0000004dca600000,0x0000004dca700000)]
  0x000001e07cc76800 JavaThread "AWT-Windows" daemon [_thread_in_native, id=18356, stack(0x0000004dca500000,0x0000004dca600000)]
  0x000001e07cc70000 JavaThread "AWT-Shutdown" [_thread_blocked, id=18360, stack(0x0000004dca400000,0x0000004dca500000)]
  0x000001e07cc6c800 JavaThread "Java2D Disposer" daemon [_thread_blocked, id=18348, stack(0x0000004dca300000,0x0000004dca400000)]
  0x000001e07c080800 JavaThread "Service Thread" daemon [_thread_blocked, id=18340, stack(0x0000004dca100000,0x0000004dca200000)]
=>0x000001e07c015000 JavaThread "C1 CompilerThread1" daemon [_thread_in_native, id=18344, stack(0x0000004dca000000,0x0000004dca100000)]
  0x000001e07c00f000 JavaThread "C2 CompilerThread0" daemon [_thread_blocked, id=18332, stack(0x0000004dc9f00000,0x0000004dca000000)]
  0x000001e07c00d800 JavaThread "Attach Listener" daemon [_thread_blocked, id=18336, stack(0x0000004dc9e00000,0x0000004dc9f00000)]
  0x000001e07c00c000 JavaThread "Signal Dispatcher" daemon [_thread_blocked, id=18320, stack(0x0000004dc9d00000,0x0000004dc9e00000)]
  0x000001e07bb13800 JavaThread "Finalizer" daemon [_thread_blocked, id=18324, stack(0x0000004dc9c00000,0x0000004dc9d00000)]
  0x000001e07bff4000 JavaThread "Reference Handler" daemon [_thread_blocked, id=18312, stack(0x0000004dc9b00000,0x0000004dc9c00000)]

Other Threads:
  0x000001e07bfd2800 VMThread [stack: 0x0000004dc9a00000,0x0000004dc9b00000] [id=18316]
  0x000001e07c0b0000 WatcherThread [stack: 0x0000004dca200000,0x0000004dca300000] [id=18352]

VM state:not at safepoint (normal execution)

VM Mutex/Monitor currently owned by a thread: None

heap address: 0x00000000c2e00000, size: 978 MB, Compressed Oops mode: 32-bit
Narrow klass base: 0x0000000000000000, Narrow klass shift: 3
Compressed class space size: 1073741824 Address: 0x0000000100000000

Heap:
 PSYoungGen      total 18432K, used 5769K [0x00000000eba00000, 0x00000000ece80000, 0x0000000100000000)
  eden space 15872K, 36% used [0x00000000eba00000,0x00000000ebfa26b8,0x00000000ec980000)
  from space 2560K, 0% used [0x00000000ecc00000,0x00000000ecc00000,0x00000000ece80000)
  to   space 2560K, 0% used [0x00000000ec980000,0x00000000ec980000,0x00000000ecc00000)
 ParOldGen       total 42496K, used 0K [0x00000000c2e00000, 0x00000000c5780000, 0x00000000eba00000)
  object space 42496K, 0% used [0x00000000c2e00000,0x00000000c2e00000,0x00000000c5780000)
 Metaspace       used 10092K, capacity 10280K, committed 10624K, reserved 1058816K
  class space    used 1229K, capacity 1318K, committed 1408K, reserved 1048576K

Card table byte_map: [0x000001e078e40000,0x000001e079030000] byte_map_base: 0x000001e078829000

Marking Bits: (ParMarkBitMap*) 0x0000000057736ff0
 Begin Bits: [0x000001e079180000, 0x000001e07a0c8000)
 End Bits:   [0x000001e07a0c8000, 0x000001e07b010000)

Polling page: 0x000001e078a50000

CodeCache: size=245760Kb used=2326Kb max_used=2326Kb free=243433Kb
 bounds [0x000001e000000000, 0x000001e000270000, 0x000001e00f000000]
 total_blobs=1044 nmethods=581 adapters=377
 compilation: enabled

Compilation events (10 events):
Event: 39.781 Thread 0x000001e07c015000 nmethod 577 0x000001e000243c10 code [0x000001e000243da0, 0x000001e0002441f0]
Event: 39.786 Thread 0x000001e07c015000  578       3       java.awt.Component::dispatchEvent (6 bytes)
Event: 39.787 Thread 0x000001e07c015000 nmethod 578 0x000001e000244390 code [0x000001e000244500, 0x000001e000244710]
Event: 39.796 Thread 0x000001e07c015000  579       3       sun.awt.SunToolkit::isTouchKeyboardAutoShowEnabled (4 bytes)
Event: 39.797 Thread 0x000001e07c015000 nmethod 579 0x000001e000232490 code [0x000001e0002325e0, 0x000001e000232738]
Event: 39.801 Thread 0x000001e07c015000  580       3       java.awt.EventQueue$4::run (5 bytes)
Event: 39.803 Thread 0x000001e07c015000 nmethod 580 0x000001e000244790 code [0x000001e000244980, 0x000001e000245040]
Event: 39.803 Thread 0x000001e07c015000  581       3       java.awt.EventQueue$4::run (19 bytes)
Event: 39.804 Thread 0x000001e07c015000 nmethod 581 0x000001e0002454d0 code [0x000001e0002456c0, 0x000001e000245d00]
Event: 39.804 Thread 0x000001e07c015000  582   !   3       java.awt.DefaultKeyboardFocusManager::dispatchEvent (1645 bytes)

GC Heap History (0 events):
No events

Deoptimization events (1 events):
Event: 17.111 Thread 0x000001e07ccea000 Uncommon trap: reason=unstable_if action=reinterpret pc=0x000001e0002205d0 method=java.awt.Component.inside(II)Z @ 13

Classes redefined (0 events):
No events

Internal exceptions (10 events):
Event: 0.054 Thread 0x000001e07710f800 Exception <a 'java/lang/NoSuchMethodError': Method sun.misc.Unsafe.prefetchRead(Ljava/lang/Object;J)V name or signature does not match> (0x00000000eba07fa8) thrown at [C:\jenkins\workspace\8-2-build-windows-amd64-cygwin\jdk8u281\880\hotspot\src\share\vm\p
Event: 0.121 Thread 0x000001e07710f800 Exception <a 'java/io/FileNotFoundException'> (0x00000000eba55ea8) thrown at [C:\jenkins\workspace\8-2-build-windows-amd64-cygwin\jdk8u281\880\hotspot\src\share\vm\prims\jni.cpp, line 710]
Event: 0.171 Thread 0x000001e07710f800 Exception <a 'java/security/PrivilegedActionException'> (0x00000000eba938c8) thrown at [C:\jenkins\workspace\8-2-build-windows-amd64-cygwin\jdk8u281\880\hotspot\src\share\vm\prims\jvm.cpp, line 1512]
Event: 0.171 Thread 0x000001e07710f800 Exception <a 'java/security/PrivilegedActionException'> (0x00000000eba93ad8) thrown at [C:\jenkins\workspace\8-2-build-windows-amd64-cygwin\jdk8u281\880\hotspot\src\share\vm\prims\jvm.cpp, line 1512]
Event: 0.172 Thread 0x000001e07710f800 Exception <a 'java/security/PrivilegedActionException'> (0x00000000eba979e8) thrown at [C:\jenkins\workspace\8-2-build-windows-amd64-cygwin\jdk8u281\880\hotspot\src\share\vm\prims\jvm.cpp, line 1512]
Event: 0.172 Thread 0x000001e07710f800 Exception <a 'java/security/PrivilegedActionException'> (0x00000000eba97bf8) thrown at [C:\jenkins\workspace\8-2-build-windows-amd64-cygwin\jdk8u281\880\hotspot\src\share\vm\prims\jvm.cpp, line 1512]
Event: 0.178 Thread 0x000001e07710f800 Exception <a 'java/io/FileNotFoundException'> (0x00000000eba9a590) thrown at [C:\jenkins\workspace\8-2-build-windows-amd64-cygwin\jdk8u281\880\hotspot\src\share\vm\prims\jni.cpp, line 710]
Event: 0.238 Thread 0x000001e07710f800 Exception <a 'java/lang/NoSuchFieldError': method resolution failed> (0x00000000ebbbb3b8) thrown at [C:\jenkins\workspace\8-2-build-windows-amd64-cygwin\jdk8u281\880\hotspot\src\share\vm\prims\methodHandles.cpp, line 1169]
Event: 0.248 Thread 0x000001e07710f800 Exception <a 'java/lang/NoSuchFieldError': method resolution failed> (0x00000000ebbc8788) thrown at [C:\jenkins\workspace\8-2-build-windows-amd64-cygwin\jdk8u281\880\hotspot\src\share\vm\prims\methodHandles.cpp, line 1169]
Event: 0.325 Thread 0x000001e07710f800 Exception <a 'java/io/FileNotFoundException'> (0x00000000ebc62d38) thrown at [C:\jenkins\workspace\8-2-build-windows-amd64-cygwin\jdk8u281\880\hotspot\src\share\vm\prims\jni.cpp, line 710]

Events (10 events):
Event: 3.107 loading class java/awt/LightweightDispatcher$2 done
Event: 4.152 Executing VM operation: EnableBiasedLocking
Event: 4.152 Executing VM operation: EnableBiasedLocking done
Event: 6.532 loading class sun/awt/windows/WInputMethod$1
Event: 6.533 loading class sun/awt/windows/WInputMethod$1 done
Event: 6.545 loading class java/awt/font/TextHitInfo
Event: 6.545 loading class java/awt/font/TextHitInfo done
Event: 17.111 Thread 0x000001e07ccea000 Uncommon trap: trap_request=0xffffff65 fr.pc=0x000001e0002205d0
Event: 17.111 Thread 0x000001e07ccea000 DEOPT PACKING pc=0x000001e0002205d0 sp=0x0000004dca6fd9d0
Event: 17.111 Thread 0x000001e07ccea000 DEOPT UNPACKING pc=0x000001e000045843 sp=0x0000004dca6fd888 mode 2


Dynamic libraries:
0x00007ff74e230000 - 0x00007ff74e277000 	C:\Program Files\Java\jdk1.8.0_281\bin\java.exe
0x00007ffb92c10000 - 0x00007ffb92e08000 	C:\WINDOWS\SYSTEM32\ntdll.dll
0x00007ffb91980000 - 0x00007ffb91a3f000 	C:\WINDOWS\System32\KERNEL32.DLL
0x00007ffb90470000 - 0x00007ffb90766000 	C:\WINDOWS\System32\KERNELBASE.dll
0x00007ffb92b20000 - 0x00007ffb92bcf000 	C:\WINDOWS\System32\ADVAPI32.dll
0x00007ffb92a80000 - 0x00007ffb92b1e000 	C:\WINDOWS\System32\msvcrt.dll
0x00007ffb91e00000 - 0x00007ffb91e9c000 	C:\WINDOWS\System32\sechost.dll
0x00007ffb913c0000 - 0x00007ffb914e6000 	C:\WINDOWS\System32\RPCRT4.dll
0x00007ffb928e0000 - 0x00007ffb92a7d000 	C:\WINDOWS\System32\USER32.dll
0x00007ffb90360000 - 0x00007ffb90382000 	C:\WINDOWS\System32\win32u.dll
0x00007ffb920e0000 - 0x00007ffb9210c000 	C:\WINDOWS\System32\GDI32.dll
0x00007ffb90940000 - 0x00007ffb90a55000 	C:\WINDOWS\System32\gdi32full.dll
0x00007ffb908a0000 - 0x00007ffb9093d000 	C:\WINDOWS\System32\msvcp_win.dll
0x00007ffb90770000 - 0x00007ffb90870000 	C:\WINDOWS\System32\ucrtbase.dll
0x00007ffb77750000 - 0x00007ffb779ea000 	C:\WINDOWS\WinSxS\amd64_microsoft.windows.common-controls_6595b64144ccf1df_6.0.19041.1110_none_60b5254171f9507e\COMCTL32.dll
0x00007ffb91d50000 - 0x00007ffb91d80000 	C:\WINDOWS\System32\IMM32.DLL
0x00007ffb6fbe0000 - 0x00007ffb6fbf5000 	C:\Program Files\Java\jdk1.8.0_281\jre\bin\vcruntime140.dll
0x00007ffb473b0000 - 0x00007ffb4744b000 	C:\Program Files\Java\jdk1.8.0_281\jre\bin\msvcp140.dll
0x0000000056f50000 - 0x00000000577af000 	C:\Program Files\Java\jdk1.8.0_281\jre\bin\server\jvm.dll
0x00007ffb92700000 - 0x00007ffb92708000 	C:\WINDOWS\System32\PSAPI.DLL
0x00007ffb8b910000 - 0x00007ffb8b919000 	C:\WINDOWS\SYSTEM32\WSOCK32.dll
0x00007ffb91ea0000 - 0x00007ffb91f0b000 	C:\WINDOWS\System32\WS2_32.dll
0x00007ffb85d70000 - 0x00007ffb85d7a000 	C:\WINDOWS\SYSTEM32\VERSION.dll
0x00007ffb72030000 - 0x00007ffb72057000 	C:\WINDOWS\SYSTEM32\WINMM.dll
0x00007ffb8eb40000 - 0x00007ffb8eb52000 	C:\WINDOWS\SYSTEM32\kernel.appcore.dll
0x00007ffb8b900000 - 0x00007ffb8b910000 	C:\Program Files\Java\jdk1.8.0_281\jre\bin\verify.dll
0x00007ffb68e30000 - 0x00007ffb68e5b000 	C:\Program Files\Java\jdk1.8.0_281\jre\bin\java.dll
0x00007ffb68e10000 - 0x00007ffb68e28000 	C:\Program Files\Java\jdk1.8.0_281\jre\bin\zip.dll
0x00007ffb90c70000 - 0x00007ffb913b4000 	C:\WINDOWS\System32\SHELL32.dll
0x00007ffb8e390000 - 0x00007ffb8eb23000 	C:\WINDOWS\SYSTEM32\windows.storage.dll
0x00007ffb91620000 - 0x00007ffb91974000 	C:\WINDOWS\System32\combase.dll
0x00007ffb8fd50000 - 0x00007ffb8fd7e000 	C:\WINDOWS\SYSTEM32\Wldp.dll
0x00007ffb91a40000 - 0x00007ffb91aed000 	C:\WINDOWS\System32\SHCORE.dll
0x00007ffb926a0000 - 0x00007ffb926f5000 	C:\WINDOWS\System32\shlwapi.dll
0x00007ffb90230000 - 0x00007ffb9024f000 	C:\WINDOWS\SYSTEM32\profapi.dll
0x00007ffb41460000 - 0x00007ffb415f5000 	C:\Program Files\Java\jdk1.8.0_281\jre\bin\awt.dll
0x00007ffb91c80000 - 0x00007ffb91d4d000 	C:\WINDOWS\System32\OLEAUT32.dll
0x00007ffb8d830000 - 0x00007ffb8d8c1000 	C:\WINDOWS\SYSTEM32\apphelp.dll
0x00007ffb8dd00000 - 0x00007ffb8dd2f000 	C:\WINDOWS\system32\DWMAPI.DLL
0x00007ffb8d940000 - 0x00007ffb8d9de000 	C:\WINDOWS\system32\uxtheme.dll
0x00007ffb5fc70000 - 0x00007ffb5fd95000 	C:\WINDOWS\system32\opengl32.dll
0x00007ffb5fc00000 - 0x00007ffb5fc2c000 	C:\WINDOWS\SYSTEM32\GLU32.dll
0x00007ffb91af0000 - 0x00007ffb91c04000 	C:\WINDOWS\System32\MSCTF.dll
0x00007ffb914f0000 - 0x00007ffb9161a000 	C:\WINDOWS\System32\ole32.dll
0x00007ffb903e0000 - 0x00007ffb90462000 	C:\WINDOWS\System32\bcryptPrimitives.dll
0x00007ffb68b00000 - 0x00007ffb68b49000 	C:\Program Files\Java\jdk1.8.0_281\jre\bin\fontmanager.dll
0x00007ffb925f0000 - 0x00007ffb92699000 	C:\WINDOWS\System32\clbcatq.dll
0x00007ffb8a610000 - 0x00007ffb8a7c4000 	C:\WINDOWS\SYSTEM32\WindowsCodecs.dll
0x00007ffb90870000 - 0x00007ffb90897000 	C:\WINDOWS\System32\bcrypt.dll
0x00007ffb637c0000 - 0x00007ffb637fe000 	C:\WINDOWS\system32\dataexchange.dll
0x00007ffb8c660000 - 0x00007ffb8c8c3000 	C:\WINDOWS\system32\d3d11.dll
0x00007ffb8ca60000 - 0x00007ffb8cc43000 	C:\WINDOWS\system32\dcomp.dll
0x00007ffb8ebb0000 - 0x00007ffb8eca3000 	C:\WINDOWS\system32\dxgi.dll
0x00007ffb8a990000 - 0x00007ffb8ab90000 	C:\WINDOWS\system32\twinapi.appcore.dll
0x00007ffb68df0000 - 0x00007ffb68e0c000 	C:\Program Files\Java\jdk1.8.0_281\jre\bin\net.dll
0x00007ffb8fa60000 - 0x00007ffb8faca000 	C:\WINDOWS\system32\mswsock.dll
0x00007ffb68dd0000 - 0x00007ffb68de3000 	C:\Program Files\Java\jdk1.8.0_281\jre\bin\nio.dll
0x00007ffb684d0000 - 0x00007ffb68513000 	C:\Program Files\Java\jdk1.8.0_281\jre\bin\t2k.dll
0x00007ffb81190000 - 0x00007ffb8128a000 	C:\WINDOWS\SYSTEM32\textinputframework.dll
0x00007ffb8d120000 - 0x00007ffb8d47e000 	C:\WINDOWS\System32\CoreUIComponents.dll
0x00007ffb8d480000 - 0x00007ffb8d572000 	C:\WINDOWS\System32\CoreMessaging.dll
0x00007ffb8f410000 - 0x00007ffb8f443000 	C:\WINDOWS\SYSTEM32\ntmarta.dll
0x00007ffb8c900000 - 0x00007ffb8ca54000 	C:\WINDOWS\SYSTEM32\wintypes.dll
0x00007ffb5f800000 - 0x00007ffb5f866000 	C:\WINDOWS\system32\Oleacc.dll
0x00007ffb8e0b0000 - 0x00007ffb8e294000 	C:\WINDOWS\SYSTEM32\dbghelp.dll

VM Arguments:
jvm_args: -Dfile.encoding=UTF-8 
java_command: Ajoutservices
java_class_path (initial): C:\Users\OUATTARA\Desktop\3ème SDDI\java standard 2\mysql-connector-j-8.0.31\mysql-connector-j-8.0.31.jar;C:\Users\OUATTARA\Desktop\3ème SDDI\java standard 2\exercices\projet2java\build\classes
Launcher Type: SUN_STANDARD

Environment Variables:
PATH=C:\Program Files (x86)\VMware\VMware Workstation\bin\;C:\Program Files (x86)\Common Files\Oracle\Java\javapath;C:\WINDOWS\system32;C:\WINDOWS;C:\WINDOWS\System32\Wbem;C:\WINDOWS\System32\WindowsPowerShell\v1.0\;C:\WINDOWS\System32\OpenSSH\;C:\Program Files\nodejs\;C:\composer;C:\xampp\mysql\bin;C:\Users\OUATTARA\AppData\Local\Programs\Python\Python311\Scripts\;C:\Users\OUATTARA\AppData\Local\Programs\Python\Python311\;C:\Users\OUATTARA\AppData\Local\Microsoft\WindowsApps;C:\Users\OUATTARA\AppData\Local\Programs\Microsoft VS Code\bin;C:\Users\OUATTARA\AppData\Roaming\npm;C:\Users\OUATTARA\AppData\Roaming\Composer\vendor\bin
USERNAME=OUATTARA
OS=Windows_NT
PROCESSOR_IDENTIFIER=Intel64 Family 6 Model 122 Stepping 1, GenuineIntel



---------------  S Y S T E M  ---------------

OS: Windows 10.0 , 64 bit Build 19041 (10.0.19041.2913)

CPU:total 2 (initial active 2) (2 cores per cpu, 1 threads per core) family 6 model 122 stepping 1, cmov, cx8, fxsr, mmx, sse, sse2, sse3, ssse3, sse4.1, sse4.2, popcnt, aes, clmul, erms, 3dnowpref, tsc, tscinvbit

Memory: 4k page, physical 4005236k(355480k free), swap 16063860k(5136k free)

vm_info: Java HotSpot(TM) 64-Bit Server VM (25.281-b09) for windows-amd64 JRE (1.8.0_281-b09), built on Dec  9 2020 13:54:07 by "" with MS VC++ 15.9 (VS2017)

time: Tue Jun 20 12:13:03 2023
timezone: Maroc (heure d’été)
elapsed time: 39.857993 seconds (0d 0h 0m 39s)

